<?xml version="1.0" encoding="UTF-8"?>
<!-- Generated by org.testng.reporters.JUnitReportReporter -->
<testsuite hostname="LAPTOP-C5P36LJF" failures="0" tests="1" name="day2.jsonfileops.CreatingJSON" time="0.017" errors="0" timestamp="2024-05-26T13:11:21 IST" skipped="0">
  <testcase classname="day2.jsonfileops.CreatingJSON" name="testCase" time="0.017"/>
  <system-out/>
</testsuite> <!-- day2.jsonfileops.CreatingJSON -->
