<?xml version="1.0" encoding="UTF-8"?>
<!-- Generated by org.testng.reporters.JUnitReportReporter -->
<testsuite hostname="LAPTOP-C5P36LJF" failures="0" tests="1" name="day1.jsonexamples.Example2" time="0.020" errors="0" timestamp="2024-05-23T16:57:17 IST" skipped="0">
  <testcase classname="day1.jsonexamples.Example2" name="testJsonArrayCreation" time="0.020"/>
  <system-out/>
</testsuite> <!-- day1.jsonexamples.Example2 -->
