<?xml version="1.0" encoding="UTF-8"?>
<!-- Generated by org.testng.reporters.JUnitReportReporter -->
<testsuite hostname="LAPTOP-C5P36LJF" failures="0" tests="4" name="day2.jsonfileops.Example1" time="0.059" errors="0" timestamp="2024-05-26T11:46:30 IST" skipped="0">
  <testcase classname="day2.jsonfileops.Example1" name="testJsonObjectExample2" time="0.007"/>
  <system-out/>
  <testcase classname="day2.jsonfileops.Example1" name="stringToJson" time="0.041"/>
  <system-out/>
  <testcase classname="day2.jsonfileops.Example1" name="testJsonObjectExample1" time="0.006"/>
  <system-out/>
  <testcase classname="day2.jsonfileops.Example1" name="testJsonArrayExample3" time="0.005"/>
  <system-out/>
</testsuite> <!-- day2.jsonfileops.Example1 -->
