<?xml version="1.0" encoding="UTF-8"?>
<!-- Generated by org.testng.reporters.JUnitReportReporter -->
<testsuite hostname="LAPTOP-C5P36LJF" failures="0" tests="1" name="day2.jsonfileops.ReadingJSON" time="0.016" errors="0" timestamp="2024-05-26T14:31:26 IST" skipped="0">
  <testcase classname="day2.jsonfileops.ReadingJSON" name="jsonFileDataReading" time="0.016"/>
  <system-out/>
</testsuite> <!-- day2.jsonfileops.ReadingJSON -->
