<?xml version="1.0" encoding="UTF-8"?>
<!-- Generated by org.testng.reporters.JUnitReportReporter -->
<testsuite hostname="LAPTOP-C5P36LJF" failures="0" tests="2" name="day1.jsonexamples.Example1" time="0.024" errors="0" timestamp="2024-05-23T16:48:39 IST" skipped="0">
  <testcase classname="day1.jsonexamples.Example1" name="testJsonObjectCreation" time="0.021"/>
  <system-out/>
  <testcase classname="day1.jsonexamples.Example1" name="testJsonObjectCreationUsingMap" time="0.003"/>
  <system-out/>
</testsuite> <!-- day1.jsonexamples.Example1 -->
