<?xml version="1.0" encoding="UTF-8"?>
<!-- Generated by org.testng.reporters.JUnitReportReporter -->
<testsuite hostname="LAPTOP-C5P36LJF" failures="0" tests="4" name="runner.TestRunner" time="96.308" errors="0" timestamp="2024-08-06T07:25:54 IST" skipped="0">
  <testcase classname="runner.TestRunner" name="runScenario" time="15.400"/>
  <system-out/>
  <testcase classname="runner.TestRunner" name="runScenario" time="8.315"/>
  <system-out/>
  <testcase classname="runner.TestRunner" name="runScenario" time="9.882"/>
  <system-out/>
  <testcase classname="runner.TestRunner" name="runScenario" time="62.711"/>
  <system-out/>
</testsuite> <!-- runner.TestRunner -->
